<?xml version="1.0" encoding="UTF-8"?>
<testng-results ignored="0" total="3" passed="3" failed="0" skipped="0">
  <reporter-output>
  </reporter-output>
  <suite started-at="2023-01-13T16:04:10 IST" name="Suite" finished-at="2023-01-13T16:05:09 IST" duration-ms="59483">
    <groups>
    </groups>
    <test started-at="2023-01-13T16:04:10 IST" name="chrome" finished-at="2023-01-13T16:05:02 IST" duration-ms="52466">
      <class name="Compatibility_Testing.class4">
        <test-method signature="tc2(java.lang.String)[pri:0, instance:Compatibility_Testing.class4@3d5c822d]" started-at="2023-01-13T16:04:10 IST" name="tc2" finished-at="2023-01-13T16:05:02 IST" duration-ms="52414" status="PASS">
          <params>
            <param index="0">
              <value>
                <![CDATA[chrome]]>
              </value>
            </param>
          </params>
          <reporter-output>
          </reporter-output>
        </test-method> <!-- tc2 -->
      </class> <!-- Compatibility_Testing.class4 -->
    </test> <!-- chrome -->
    <test started-at="2023-01-13T16:04:10 IST" name="firefox" finished-at="2023-01-13T16:05:08 IST" duration-ms="58163">
      <class name="Compatibility_Testing.class4">
        <test-method signature="tc2(java.lang.String)[pri:0, instance:Compatibility_Testing.class4@4803b726]" started-at="2023-01-13T16:04:10 IST" name="tc2" finished-at="2023-01-13T16:05:08 IST" duration-ms="58116" status="PASS">
          <params>
            <param index="0">
              <value>
                <![CDATA[firefox]]>
              </value>
            </param>
          </params>
          <reporter-output>
          </reporter-output>
        </test-method> <!-- tc2 -->
      </class> <!-- Compatibility_Testing.class4 -->
    </test> <!-- firefox -->
    <test started-at="2023-01-13T16:04:10 IST" name="edge" finished-at="2023-01-13T16:05:09 IST" duration-ms="59483">
      <class name="Compatibility_Testing.class4">
        <test-method signature="tc2(java.lang.String)[pri:0, instance:Compatibility_Testing.class4@3a44431a]" started-at="2023-01-13T16:04:10 IST" name="tc2" finished-at="2023-01-13T16:05:09 IST" duration-ms="59434" status="PASS">
          <params>
            <param index="0">
              <value>
                <![CDATA[edge]]>
              </value>
            </param>
          </params>
          <reporter-output>
          </reporter-output>
        </test-method> <!-- tc2 -->
      </class> <!-- Compatibility_Testing.class4 -->
    </test> <!-- edge -->
  </suite> <!-- Suite -->
</testng-results>
