<?xml version="1.0" encoding="UTF-8"?>
<!-- Generated by org.testng.reporters.JUnitXMLReporter -->
<testsuite ignored="3" hostname="DESKTOP-D0JLFQF" failures="0" tests="1" name="Test(failed)(failed)" time="0.367" errors="0" timestamp="2023-01-05T20:16:20 IST">
  <testcase classname="Annotation.Class14" name="TC4" time="0.32"/>
  <testcase classname="Annotation.Class14" name="TC1" time="0.0">
    <ignored/>
  </testcase> <!-- TC1 -->
  <testcase classname="Annotation.Class14" name="TC2" time="0.0">
    <ignored/>
  </testcase> <!-- TC2 -->
  <testcase classname="Annotation.Class14" name="TC3" time="0.0">
    <ignored/>
  </testcase> <!-- TC3 -->
</testsuite> <!-- Test(failed)(failed) -->
