<?xml version="1.0" encoding="UTF-8"?>
<!-- Generated by org.testng.reporters.JUnitXMLReporter -->
<testsuite ignored="3" hostname="DESKTOP-D0JLFQF" failures="0" tests="3" name="Test" time="0.057" errors="0" timestamp="2023-01-09T12:39:43 IST">
  <testcase classname="grouping_of_test_cases.class2" name="profile" time="0.009"/>
  <testcase classname="grouping_of_test_cases.class2" name="setting" time="0.003"/>
  <testcase classname="grouping_of_test_cases.class1" name="tc3" time="0.001"/>
  <testcase classname="grouping_of_test_cases.class2" name="login" time="0.0">
    <ignored/>
  </testcase> <!-- login -->
  <testcase classname="grouping_of_test_cases.class1" name="Tc2" time="0.0">
    <ignored/>
  </testcase> <!-- Tc2 -->
  <testcase classname="grouping_of_test_cases.class1" name="Tc1" time="0.0">
    <ignored/>
  </testcase> <!-- Tc1 -->
</testsuite> <!-- Test -->
